2024-07-07 21:25:06,190 - Task01 - INFO - Logging start
2024-07-07 21:25:07,805 - Task01 - INFO - Storing available cities in pyrosm
2024-07-07 21:25:07,807 - Task01 - INFO - Available cities stored in data/available_cities.json
2024-07-07 21:25:21,748 - Task01 - INFO - Creating directories for each city
2024-07-07 21:25:21,749 - Task01 - INFO - Creating Directory: data/Wien
2024-07-07 21:25:21,750 - Task01 - INFO - Creating Directory: data/Madrid
2024-07-07 21:25:21,751 - Task01 - INFO - Creating Directory: data/Muenchen
2024-07-07 21:25:21,752 - Task01 - INFO - Directories created
2024-07-07 21:25:34,357 - Task01 - INFO - Data for Wien downloaded to data/Wien
2024-07-07 21:25:55,138 - Task01 - INFO - Storing available cities in pyrosm
2024-07-07 21:25:55,140 - Task01 - INFO - Available cities stored in data/available_cities.json
2024-07-07 21:25:59,882 - Task01 - INFO - Creating directories for each city
2024-07-07 21:25:59,885 - Task01 - INFO - Creating Directory: data/Madrid
2024-07-07 21:25:59,886 - Task01 - INFO - Creating Directory: data/Muenchen
2024-07-07 21:25:59,887 - Task01 - INFO - Directories created
2024-07-07 21:26:11,232 - Task01 - INFO - Data for Madrid downloaded to data/Madrid
2024-07-07 21:26:36,003 - Task01 - INFO - Bounding Box for Madrid: [-3.88895392 40.31197739 -3.5179162  40.64373016]
2024-07-07 21:26:45,327 - Task01 - INFO - Number of buildings in Madrid before reducing to actual city: 336153
2024-07-07 21:26:45,499 - Task01 - INFO - Number of buildings in Madrid: 190291
2024-07-07 21:26:53,507 - Task01 - INFO - Data for Madrid saved to data/Madrid/buildings.geojson
2024-07-07 21:26:53,508 - Task01 - INFO - Bounds for Madrid saved to data/Madrid/bounds.pkl
2024-07-07 21:27:00,619 - Task01 - INFO - Data for Muenchen downloaded to data/Muenchen
2024-07-07 21:27:40,844 - Task01 - INFO - Bounding Box for Muenchen: [nan nan nan nan]
2024-07-07 21:27:40,848 - Task01 - INFO - Bounding Box for Muenchen is None
2024-07-07 21:27:40,851 - Task01 - INFO - Using total bounds: [11.0600071  47.80000305 11.99998856 48.41998291]
2024-07-07 21:27:56,728 - Task01 - INFO - Number of buildings in Muenchen before reducing to actual city: 677117
2024-07-07 21:27:57,052 - Task01 - INFO - Number of buildings in Muenchen: 677115
2024-07-07 21:28:21,950 - Task01 - INFO - Data for Muenchen saved to data/Muenchen/buildings.geojson
2024-07-07 21:28:21,951 - Task01 - INFO - Bounds for Muenchen saved to data/Muenchen/bounds.pkl
2024-07-07 21:29:53,559 - Task01 - INFO - Number of buildings in BerlinTest: 113041
2024-07-07 21:29:59,472 - Task01 - INFO - Test Data saved to data/BerlinTest/buildings.geojson
2024-07-07 21:29:59,475 - Task01 - INFO - Bounds for Test Data saved to data/BerlinTest/bounds.pkl
2024-07-07 21:30:01,143 - Task01 - INFO - Connecting to openEO backend...
2024-07-07 21:30:02,030 - Task01 - INFO - CONNECTED
2024-07-07 21:38:48,220 - Task01 - INFO - Current, failed and finished jobs:
2024-07-07 21:38:48,221 - Task01 - INFO - 0 j-240707953fde45668e2f08b6e57b3061 running
2024-07-07 21:39:07,818 - Task01 - INFO - Current, failed and finished jobs:
2024-07-07 21:39:07,820 - Task01 - INFO - 0 j-240707953fde45668e2f08b6e57b3061 running
2024-07-07 21:39:11,822 - Task01 - INFO - Current, failed and finished jobs:
2024-07-07 21:39:11,823 - Task01 - INFO - 0 j-240707953fde45668e2f08b6e57b3061 running
2024-07-07 21:39:22,358 - Task01 - INFO - Creating Processing Jobs
2024-07-07 21:39:22,543 - Task01 - INFO - [{'created': '2024-07-07T16:57:28Z', 'id': 'j-240707953fde45668e2f08b6e57b3061', 'status': 'running', 'updated': '2024-07-07T19:39:07Z'}]
2024-07-07 21:39:22,544 - Task01 - INFO - Processing Madrid
2024-07-07 21:39:22,545 - Task01 - INFO - {'bounds': array([-3.88895392, 40.31197739, -3.5179162 , 40.64373016]), 'buildings_path': 'data/Madrid/buildings.geojson', 'bounds_path': 'data/Madrid/bounds.pkl', 'jobid': None, 'jobstatus': None}
2024-07-07 21:39:22,548 - Task01 - INFO - get bands for Madrid
2024-07-07 21:39:22,548 - Task01 - INFO - data/Madrid/bounds.pkl
2024-07-07 21:39:22,550 - Task01 - INFO - city bounds {'west': -3.888953924179077, 'south': 40.31197738647461, 'east': -3.517916202545166, 'north': 40.64373016357422}
2024-07-07 21:39:22,598 - Task01 - INFO - Mask
2024-07-07 21:39:22,599 - Task01 - INFO - DataCube(<PGNode 'resample_cube_spatial' at 0x7fbd07b6cf90>)
2024-07-07 21:39:22,600 - Task01 - INFO - Datacube
2024-07-07 21:39:22,601 - Task01 - INFO - DataCube(<ReduceNode 'reduce_dimension' at 0x7fbd07b6c590>)
2024-07-07 21:39:22,646 - Task01 - INFO - Creating Job
2024-07-07 21:39:22,952 - Task01 - INFO - Starting Job
2024-07-07 21:39:36,032 - Task01 - INFO - Job ID: j-24070711e62b4b698d16072da8a9f100
2024-07-07 21:39:36,035 - Task01 - INFO - Awaiting Job
2024-07-07 21:55:56,946 - Task01 - INFO - Current, failed and finished jobs:
2024-07-07 21:55:56,949 - Task01 - INFO - 0 j-240707953fde45668e2f08b6e57b3061 running
2024-07-07 21:55:56,949 - Task01 - INFO - 1 j-24070711e62b4b698d16072da8a9f100 queued
2024-07-07 22:10:19,178 - Task01 - INFO - Current, failed and finished jobs:
2024-07-07 22:10:19,180 - Task01 - INFO - 0 j-240707953fde45668e2f08b6e57b3061 running
2024-07-07 22:10:19,181 - Task01 - INFO - 1 j-24070711e62b4b698d16072da8a9f100 queued
2024-07-07 22:24:01,497 - Task01 - INFO - Current, failed and finished jobs:
2024-07-07 22:24:01,500 - Task01 - INFO - 0 j-24070711e62b4b698d16072da8a9f100 queued
2024-07-07 22:24:01,501 - Task01 - INFO - 1 j-240707953fde45668e2f08b6e57b3061 running
2024-07-07 22:24:04,665 - Task01 - INFO - Current, failed and finished jobs:
2024-07-07 22:24:04,667 - Task01 - INFO - 0 j-24070711e62b4b698d16072da8a9f100 queued
2024-07-07 22:24:04,669 - Task01 - INFO - 1 j-240707953fde45668e2f08b6e57b3061 running
